2020-04-15 19:56:23,133 - custodian.policy - DEBUG - Running policy:ebs-snapshots-week-old resource:aws.ebs-snapshot region:us-west-1 c7n:0.9
2020-04-15 19:56:25,926 - custodian.cache - WARNING - Could not save cache /home/custodian/.cache/cloud-custodian.cache err: [Errno 2] No such file or directory: '/home/custodian/.cache/cloud-custodian.cache'
2020-04-15 19:56:25,927 - custodian.cache - INFO - Generating Cache directory: /home/custodian/.cache.
2020-04-15 19:56:25,931 - custodian.resources.snapshot - DEBUG - Filtered from 1482 to 1345 snapshot
2020-04-15 19:56:25,932 - custodian.policy - INFO - policy:ebs-snapshots-week-old resource:aws.ebs-snapshot region:us-west-1 count:1345 time:2.80
2020-04-15 19:56:25,969 - custodian.output - DEBUG - metric:ResourceCount Count:1345 policy:ebs-snapshots-week-old restype:aws.ebs-snapshot scope:policy
2020-04-15 19:56:25,969 - custodian.output - DEBUG - metric:ApiCalls Count:1 policy:ebs-snapshots-week-old restype:aws.ebs-snapshot
2020-04-15 20:00:21,753 - custodian.policy - DEBUG - Running policy:ebs-snapshots-week-old resource:aws.ebs-snapshot region:us-west-1 c7n:0.9
2020-04-15 20:00:23,393 - custodian.cache - WARNING - Could not save cache /home/custodian/.cache/cloud-custodian.cache err: [Errno 2] No such file or directory: '/home/custodian/.cache/cloud-custodian.cache'
2020-04-15 20:00:23,394 - custodian.cache - INFO - Generating Cache directory: /home/custodian/.cache.
2020-04-15 20:00:23,400 - custodian.resources.snapshot - DEBUG - Filtered from 1482 to 1083 snapshot
2020-04-15 20:00:23,402 - custodian.policy - INFO - policy:ebs-snapshots-week-old resource:aws.ebs-snapshot region:us-west-1 count:1083 time:1.65
2020-04-15 20:00:23,429 - custodian.output - DEBUG - metric:ResourceCount Count:1083 policy:ebs-snapshots-week-old restype:aws.ebs-snapshot scope:policy
2020-04-15 20:00:23,430 - custodian.output - DEBUG - metric:ApiCalls Count:1 policy:ebs-snapshots-week-old restype:aws.ebs-snapshot
2020-04-15 20:03:06,369 - custodian.policy - DEBUG - Running policy:ebs-snapshots-week-old resource:aws.ebs-snapshot region:us-west-1 c7n:0.9
2020-04-15 20:03:07,898 - custodian.cache - WARNING - Could not save cache /home/custodian/.cache/cloud-custodian.cache err: [Errno 2] No such file or directory: '/home/custodian/.cache/cloud-custodian.cache'
2020-04-15 20:03:07,898 - custodian.cache - INFO - Generating Cache directory: /home/custodian/.cache.
2020-04-15 20:03:08,610 - custodian.resources.ami - DEBUG - Filtered from 40 to 40 ami
2020-04-15 20:03:08,613 - custodian.resources.snapshot - DEBUG - Filtered from 1482 to 1067 snapshot
2020-04-15 20:03:08,614 - custodian.policy - INFO - policy:ebs-snapshots-week-old resource:aws.ebs-snapshot region:us-west-1 count:1067 time:2.24
2020-04-15 20:03:08,644 - custodian.output - DEBUG - metric:ResourceCount Count:1067 policy:ebs-snapshots-week-old restype:aws.ebs-snapshot scope:policy
2020-04-15 20:03:08,644 - custodian.output - DEBUG - metric:ApiCalls Count:2 policy:ebs-snapshots-week-old restype:aws.ebs-snapshot
