2020-04-17 20:00:03,740 - custodian.policy - DEBUG - Running policy:ebs-snapshots-older-than-90-days resource:aws.ebs-snapshot region:us-west-1 c7n:0.9
2020-04-17 20:00:08,101 - custodian.cache - WARNING - Could not save cache /home/custodian/.cache/cloud-custodian.cache err: [Errno 2] No such file or directory: '/home/custodian/.cache/cloud-custodian.cache'
2020-04-17 20:00:08,102 - custodian.cache - INFO - Generating Cache directory: /home/custodian/.cache.
2020-04-17 20:00:09,191 - custodian.resources.ami - DEBUG - Filtered from 39 to 39 ami
2020-04-17 20:00:09,194 - custodian.resources.snapshot - DEBUG - Filtered from 1478 to 1067 snapshot
2020-04-17 20:00:09,196 - custodian.policy - INFO - policy:ebs-snapshots-older-than-90-days resource:aws.ebs-snapshot region:us-west-1 count:1067 time:5.45
2020-04-17 20:00:09,230 - custodian.output - DEBUG - metric:ResourceCount Count:1067 policy:ebs-snapshots-older-than-90-days restype:aws.ebs-snapshot scope:policy
2020-04-17 20:00:09,230 - custodian.output - DEBUG - metric:ApiCalls Count:2 policy:ebs-snapshots-older-than-90-days restype:aws.ebs-snapshot
2020-04-17 20:03:03,304 - custodian.policy - DEBUG - Running policy:ebs-snapshots-older-than-90-days resource:aws.ebs-snapshot region:us-west-1 c7n:0.9
2020-04-17 20:03:09,501 - custodian.cache - WARNING - Could not save cache /home/custodian/.cache/cloud-custodian.cache err: [Errno 2] No such file or directory: '/home/custodian/.cache/cloud-custodian.cache'
2020-04-17 20:03:09,502 - custodian.cache - INFO - Generating Cache directory: /home/custodian/.cache.
2020-04-17 20:03:10,233 - custodian.resources.ami - DEBUG - Filtered from 39 to 39 ami
2020-04-17 20:03:10,237 - custodian.resources.snapshot - DEBUG - Filtered from 1478 to 1067 snapshot
2020-04-17 20:03:10,238 - custodian.policy - INFO - policy:ebs-snapshots-older-than-90-days resource:aws.ebs-snapshot region:us-west-1 count:1067 time:6.93
2020-04-17 20:03:10,266 - custodian.cache - DEBUG - Using cache file /home/custodian/.cache/cloud-custodian.cache
2020-04-17 20:03:10,267 - custodian.resources.ami - DEBUG - Using cached c7n.resources.ami.AMI: 39
2020-04-17 20:03:10,268 - custodian.resources.ami - DEBUG - Filtered from 39 to 39 ami
2020-04-17 20:03:10,271 - custodian.ebs - INFO - Deleting 1067 snapshots, auto-filtered 0 ami-snapshots
2020-04-17 20:05:22,611 - custodian.actions - ERROR - Exception deleting snapshot set 
 An error occurred (InvalidParameterValue) when calling the DeleteSnapshot operation: This snapshot is managed by the AWS Backup service and cannot be deleted via EC2 APIs. If you wish to delete this snapshot, please do so via the Backup console.
2020-04-17 20:05:22,613 - custodian.policy - INFO - policy:ebs-snapshots-older-than-90-days action:snapshotdelete resources:1067 execution_time:132.35
2020-04-17 20:05:22,645 - custodian.output - DEBUG - metric:ResourceCount Count:1067 policy:ebs-snapshots-older-than-90-days restype:aws.ebs-snapshot scope:policy
2020-04-17 20:05:22,645 - custodian.output - DEBUG - metric:ApiCalls Count:1054 policy:ebs-snapshots-older-than-90-days restype:aws.ebs-snapshot
